2023-07-14 10:55:36,188 INFO: [31m[1mWARNING: This is a development server. Do not use it in a production deployment. Use a production WSGI server instead.[0m
 * Running on http://127.0.0.1:5000
2023-07-14 10:55:36,188 INFO: [33mPress CTRL+C to quit[0m
2023-07-14 10:55:36,190 INFO:  * Restarting with stat
2023-07-14 10:55:37,503 WARNING:  * Debugger is active!
2023-07-14 10:55:37,507 INFO:  * Debugger PIN: 837-296-355
2023-07-14 10:56:10,901 INFO: 127.0.0.1 - - [14/Jul/2023 10:56:10] "OPTIONS /api/data HTTP/1.1" 200 -
2023-07-14 10:56:10,907 INFO: Parser script started.
2023-07-14 10:56:10,907 INFO: Fri Jul 14 10:56:10 2023	File: area_report.txt
2023-07-14 10:56:10,908 INFO: Fri Jul 14 10:56:10 2023	File: file_area_report.txt
2023-07-14 10:56:10,911 INFO: End of Run
2023-07-14 10:56:10,911 INFO: File parser instantiated with directory: C:\Users\7396\Desktop\COE-PRO\Backend
2023-07-14 10:56:10,912 INFO: 127.0.0.1 - - [14/Jul/2023 10:56:10] "POST /api/data HTTP/1.1" 200 -
2023-07-14 10:56:42,865 INFO:  * Detected change in 'C:\\Users\\7396\\Desktop\\COE-PRO\\Backend\\Server.py', reloading
2023-07-14 10:56:43,414 INFO:  * Restarting with stat
2023-07-14 10:56:44,602 WARNING:  * Debugger is active!
2023-07-14 10:56:44,607 INFO:  * Debugger PIN: 837-296-355
2023-07-15 11:55:34,075 INFO: [31m[1mWARNING: This is a development server. Do not use it in a production deployment. Use a production WSGI server instead.[0m
 * Running on http://127.0.0.1:5000
2023-07-15 11:55:34,075 INFO: [33mPress CTRL+C to quit[0m
2023-07-15 11:55:34,083 INFO:  * Restarting with stat
2023-07-15 11:55:35,700 WARNING:  * Debugger is active!
2023-07-15 11:55:35,708 INFO:  * Debugger PIN: 837-296-355
2023-07-15 11:57:24,331 INFO: 127.0.0.1 - - [15/Jul/2023 11:57:24] "OPTIONS /api/data HTTP/1.1" 200 -
2023-07-15 11:57:24,343 INFO: Parser script started.
2023-07-15 11:57:24,343 INFO: Sat Jul 15 11:57:24 2023	File: area_report.txt
2023-07-15 11:57:24,343 INFO: Sat Jul 15 11:57:24 2023	File: file_area_report.txt
2023-07-15 11:57:24,343 INFO: Sat Jul 15 11:57:24 2023	File: sta1_areareport.txt
2023-07-15 11:57:24,343 INFO: Reading the file C:\Users\7396\Desktop\COE-PRO\Backend\area-reports\sta1_areareport.txt
2023-07-15 11:57:24,343 ERROR: Error processing area file: sta1_areareport.txt. Error: 'Total_Area' is not in list
2023-07-15 11:57:24,343 INFO: Sat Jul 15 11:57:24 2023	File: sta_area_report.txt
2023-07-15 11:57:24,355 INFO: Reading the file C:\Users\7396\Desktop\COE-PRO\Backend\area-reports\sta_area_report.txt
2023-07-15 11:57:24,358 INFO: processed are file: <_io.TextIOWrapper name='C:\\Users\\7396\\Desktop\\COE-PRO\\Backend\\area-reports\\sta_area_report.txt' mode='r' encoding='cp1252'>
2023-07-15 11:57:24,358 INFO: Parsing function called and pushed to MongoDB
2023-07-15 11:57:24,779 INFO: Processed area file: sta_area_report.txt
2023-07-15 11:57:24,787 INFO: End of Run
2023-07-15 11:57:24,787 INFO: File parser instantiated with directory: C:\Users\7396\Desktop\COE-PRO\Backend
2023-07-15 11:57:24,787 INFO: 127.0.0.1 - - [15/Jul/2023 11:57:24] "POST /api/data HTTP/1.1" 200 -
2023-07-15 13:01:20,110 ERROR: ID '64b23c4c20094b8d68eb8f75' not found in the collection.
2023-07-15 13:01:48,384 ERROR: ID '64b23c4c20094b8d68eb8f75' not found in the collection.
2023-07-15 13:03:21,770 INFO: [31m[1mWARNING: This is a development server. Do not use it in a production deployment. Use a production WSGI server instead.[0m
 * Running on http://127.0.0.1:5000
2023-07-15 13:03:21,770 INFO: [33mPress CTRL+C to quit[0m
2023-07-15 13:03:21,778 INFO:  * Restarting with stat
2023-07-15 13:03:23,512 WARNING:  * Debugger is active!
2023-07-15 13:03:23,518 INFO:  * Debugger PIN: 837-296-355
2023-07-15 13:05:43,724 INFO: [31m[1mWARNING: This is a development server. Do not use it in a production deployment. Use a production WSGI server instead.[0m
 * Running on http://127.0.0.1:5000
2023-07-15 13:05:43,724 INFO: [33mPress CTRL+C to quit[0m
2023-07-15 13:05:43,732 INFO:  * Restarting with stat
2023-07-15 13:05:49,206 WARNING:  * Debugger is active!
2023-07-15 13:05:49,223 INFO:  * Debugger PIN: 837-296-355
2023-07-15 13:06:03,910 INFO:  * Detected change in 'C:\\Users\\7396\\Desktop\\COE-PRO\\Backend\\DD_backend.py', reloading
2023-07-15 13:06:04,431 INFO:  * Restarting with stat
2023-07-15 13:07:04,208 INFO: [31m[1mWARNING: This is a development server. Do not use it in a production deployment. Use a production WSGI server instead.[0m
 * Running on http://127.0.0.1:5000
2023-07-15 13:07:04,208 INFO: [33mPress CTRL+C to quit[0m
2023-07-15 13:07:04,216 INFO:  * Restarting with stat
2023-07-15 13:07:07,009 WARNING:  * Debugger is active!
2023-07-15 13:07:07,017 INFO:  * Debugger PIN: 837-296-355
2023-07-15 13:07:44,033 INFO:  * Detected change in 'C:\\Users\\7396\\Desktop\\COE-PRO\\Backend\\DD_backend.py', reloading
2023-07-15 13:07:44,668 INFO:  * Restarting with stat
2023-07-15 13:10:01,215 WARNING:  * Debugger is active!
2023-07-15 13:10:01,223 INFO:  * Debugger PIN: 837-296-355
2023-07-15 13:10:24,639 INFO: [31m[1mWARNING: This is a development server. Do not use it in a production deployment. Use a production WSGI server instead.[0m
 * Running on http://127.0.0.1:5000
2023-07-15 13:10:24,639 INFO: [33mPress CTRL+C to quit[0m
2023-07-15 13:10:24,639 INFO:  * Restarting with stat
2023-07-15 13:10:27,899 WARNING:  * Debugger is active!
2023-07-15 13:10:27,899 INFO:  * Debugger PIN: 837-296-355
2023-07-15 13:10:42,415 INFO:  * Detected change in 'C:\\Users\\7396\\Desktop\\COE-PRO\\Backend\\DD_backend.py', reloading
2023-07-15 13:10:43,043 INFO:  * Restarting with stat
2023-07-15 13:10:56,703 INFO: [31m[1mWARNING: This is a development server. Do not use it in a production deployment. Use a production WSGI server instead.[0m
 * Running on http://127.0.0.1:5000
2023-07-15 13:10:56,703 INFO: [33mPress CTRL+C to quit[0m
2023-07-15 13:10:56,703 INFO:  * Restarting with stat
2023-07-15 13:10:59,899 WARNING:  * Debugger is active!
2023-07-15 13:10:59,907 INFO:  * Debugger PIN: 837-296-355
2023-07-15 13:11:14,136 INFO:  * Detected change in 'C:\\Users\\7396\\Desktop\\COE-PRO\\Backend\\DD_backend.py', reloading
2023-07-15 13:11:14,615 INFO:  * Restarting with stat
